Started at Sun Feb 18 10:40:22 UTC 2024
Processing DOCKER_TEST
Offering DOCKER_TEST to Project Build Discarder
Processing PIPELINE_DEMO
Offering PIPELINE_DEMO to Project Build Discarder
Processing SELENIUM_DOCKER_BUILDER
Offering SELENIUM_DOCKER_BUILDER to Project Build Discarder
Finished at Sun Feb 18 10:40:22 UTC 2024. 92ms
Started at Sun Feb 18 11:40:22 UTC 2024
Processing DOCKER_TEST
Offering DOCKER_TEST to Project Build Discarder
Processing PIPELINE_DEMO
Offering PIPELINE_DEMO to Project Build Discarder
Processing SELENIUM_DOCKER_BUILDER
Offering SELENIUM_DOCKER_BUILDER to Project Build Discarder
Finished at Sun Feb 18 11:40:22 UTC 2024. 8ms
Started at Sun Feb 18 12:40:24 UTC 2024
Processing DOCKER_TEST
Offering DOCKER_TEST to Project Build Discarder
Processing PIPELINE_DEMO
Offering PIPELINE_DEMO to Project Build Discarder
Processing SELENIUM_DOCKER_BUILDER
Offering SELENIUM_DOCKER_BUILDER to Project Build Discarder
Finished at Sun Feb 18 12:40:24 UTC 2024. 9ms
Started at Sun Feb 18 13:40:24 UTC 2024
Processing DOCKER_TEST
Offering DOCKER_TEST to Project Build Discarder
Processing PIPELINE_DEMO
Offering PIPELINE_DEMO to Project Build Discarder
Processing SELENIUM_DOCKER_BUILDER
Offering SELENIUM_DOCKER_BUILDER to Project Build Discarder
Finished at Sun Feb 18 13:40:24 UTC 2024. 20ms
Started at Sun Feb 18 14:40:24 UTC 2024
Processing DOCKER_TEST
Offering DOCKER_TEST to Project Build Discarder
Processing PIPELINE_DEMO
Offering PIPELINE_DEMO to Project Build Discarder
Processing SELENIUM_DOCKER_BUILDER
Offering SELENIUM_DOCKER_BUILDER to Project Build Discarder
Finished at Sun Feb 18 14:40:24 UTC 2024. 6ms
Started at Sun Feb 18 15:40:24 UTC 2024
Processing DOCKER_TEST
Offering DOCKER_TEST to Project Build Discarder
Processing PIPELINE_DEMO
Offering PIPELINE_DEMO to Project Build Discarder
Processing SELENIUM_DOCKER_BUILDER
Offering SELENIUM_DOCKER_BUILDER to Project Build Discarder
Finished at Sun Feb 18 15:40:24 UTC 2024. 8ms
Started at Sun Feb 18 16:40:24 UTC 2024
Processing DOCKER_TEST
Offering DOCKER_TEST to Project Build Discarder
Processing PIPELINE_DEMO
Offering PIPELINE_DEMO to Project Build Discarder
Processing SELENIUM_DOCKER_BUILDER
Offering SELENIUM_DOCKER_BUILDER to Project Build Discarder
Finished at Sun Feb 18 16:40:24 UTC 2024. 9ms
Started at Sun Feb 18 17:40:24 UTC 2024
Processing DOCKER_TEST
Offering DOCKER_TEST to Project Build Discarder
Processing PIPELINE_DEMO
Offering PIPELINE_DEMO to Project Build Discarder
Processing SELENIUM_DOCKER_BUILDER
Offering SELENIUM_DOCKER_BUILDER to Project Build Discarder
Finished at Sun Feb 18 17:40:24 UTC 2024. 109ms
